uuuu
[3.18395366] [[0.91130359]] 0.6257906992883168
[1.17308497] [[0.51559922]] 0.37420930071169467
iii
HD rans, les 0.35374702963524385
HD rans DA, les 0.4645744577339696
HD rans DA tr1, les 0.4645744577339696
hhhhh tr1
Hellinger group 1 vs 123 obs 0.7410004609353246
Hellinger group 2 vs 123 obs 0.17543925322763662
Hellinger group 3 vs 123 obs 0.2989109116781891
skew pro 1  0.7233744871705796
skew pro 2  0.7503712709816144
skew pro 3  0.730742140727155
skew pro 123  0.7519133873643647
skew pro rans  0.8147755881912884
kurto pro 1  -0.5996569998910757
kurto pro 2  -0.6307501382491969
kurto pro 3  -0.6568746636614851
kurto pro 123  -0.7080728515493884
kurto pro rans  -0.5693486472898908
Hellinger group 1 obs 0.9177340032168373
Hellinger group 2 obs 0.3807725901757569
Hellinger group 3 obs 0.5171646582288877
Hellinger group 123 obs 0.2683830960848613
